[INFO] Scanning for projects...
[INFO] 
[INFO] -------------------------< com.new_era:alpha >--------------------------
[INFO] Building new_era 0.0.1-SNAPSHOT
[INFO]   from pom.xml
[INFO] --------------------------------[ jar ]---------------------------------
[INFO] 
[INFO] --- clean:3.4.0:clean (default-clean) @ alpha ---
[INFO] Deleting /home/0x6a70/new_era/backend/alpha/target
[INFO] 
[INFO] --- resources:3.3.1:resources (default-resources) @ alpha ---
[INFO] Copying 1 resource from src/main/resources to target/classes
[INFO] Copying 1 resource from src/main/resources to target/classes
[INFO] 
[INFO] --- compiler:3.13.0:compile (default-compile) @ alpha ---
[INFO] Recompiling the module because of changed source code.
[INFO] Compiling 41 source files with javac [debug parameters release 23] to target/classes
[INFO] 
[INFO] --- resources:3.3.1:testResources (default-testResources) @ alpha ---
[INFO] skip non existing resourceDirectory /home/0x6a70/new_era/backend/alpha/src/test/resources
[INFO] 
[INFO] --- compiler:3.13.0:testCompile (default-testCompile) @ alpha ---
[INFO] Recompiling the module because of changed dependency.
[INFO] Compiling 1 source file with javac [debug parameters release 23] to target/test-classes
[INFO] 
[INFO] --- surefire:3.0.0-M8:test (default-test) @ alpha ---
[INFO] Using auto detected provider org.apache.maven.surefire.junitplatform.JUnitPlatformProvider
[INFO] 
[INFO] -------------------------------------------------------
[INFO]  T E S T S
[INFO] -------------------------------------------------------
[INFO] Running com.new_era.alpha.TestClanFiliation
17:11:01.732 [main] INFO org.springframework.test.context.support.AnnotationConfigContextLoaderUtils -- Could not detect default configuration classes for test class [com.new_era.alpha.TestClanFiliation]: TestClanFiliation does not declare any static, non-private, non-final, nested classes annotated with @Configuration.
17:11:01.809 [main] INFO org.springframework.boot.test.context.SpringBootTestContextBootstrapper -- Found @SpringBootConfiguration com.new_era.alpha.NewEraApplication for test class com.new_era.alpha.TestClanFiliation

  .   ____          _            __ _ _
 /\\ / ___'_ __ _ _(_)_ __  __ _ \ \ \ \
( ( )\___ | '_ | '_| | '_ \/ _` | \ \ \ \
 \\/  ___)| |_)| | | | | || (_| |  ) ) ) )
  '  |____| .__|_| |_|_| |_\__, | / / / /
 =========|_|==============|___/=/_/_/_/

 :: Spring Boot ::                (v3.4.0)

2024-12-29T17:11:02.025-03:00  INFO 51220 --- [new_era] [           main] com.new_era.alpha.TestClanFiliation      : Starting TestClanFiliation using Java 23 with PID 51220 (started by root in /home/0x6a70/new_era/backend/alpha)
2024-12-29T17:11:02.025-03:00  INFO 51220 --- [new_era] [           main] com.new_era.alpha.TestClanFiliation      : No active profile set, falling back to 1 default profile: "default"
2024-12-29T17:11:02.326-03:00  INFO 51220 --- [new_era] [           main] .s.d.r.c.RepositoryConfigurationDelegate : Bootstrapping Spring Data JPA repositories in DEFAULT mode.
2024-12-29T17:11:02.356-03:00  INFO 51220 --- [new_era] [           main] .s.d.r.c.RepositoryConfigurationDelegate : Finished Spring Data repository scanning in 26 ms. Found 6 JPA repository interfaces.
2024-12-29T17:11:02.591-03:00  INFO 51220 --- [new_era] [           main] o.hibernate.jpa.internal.util.LogHelper  : HHH000204: Processing PersistenceUnitInfo [name: default]
2024-12-29T17:11:02.616-03:00  INFO 51220 --- [new_era] [           main] org.hibernate.Version                    : HHH000412: Hibernate ORM core version 6.6.2.Final
2024-12-29T17:11:02.642-03:00  INFO 51220 --- [new_era] [           main] o.h.c.internal.RegionFactoryInitiator    : HHH000026: Second-level cache disabled
2024-12-29T17:11:02.764-03:00  INFO 51220 --- [new_era] [           main] o.s.o.j.p.SpringPersistenceUnitInfo      : No LoadTimeWeaver setup: ignoring JPA class transformer
2024-12-29T17:11:02.779-03:00  INFO 51220 --- [new_era] [           main] com.zaxxer.hikari.HikariDataSource       : HikariPool-1 - Starting...
2024-12-29T17:11:02.943-03:00  INFO 51220 --- [new_era] [           main] com.zaxxer.hikari.pool.HikariPool        : HikariPool-1 - Added connection com.mysql.cj.jdbc.ConnectionImpl@4ec427
2024-12-29T17:11:02.944-03:00  INFO 51220 --- [new_era] [           main] com.zaxxer.hikari.HikariDataSource       : HikariPool-1 - Start completed.
2024-12-29T17:11:03.086-03:00  WARN 51220 --- [new_era] [           main] o.h.e.j.e.i.JdbcEnvironmentInitiator     : HHH000339: Could not obtain connection metadata: java.sql.SQLSyntaxErrorException: Unknown column 'RESERVED' in 'WHERE'
2024-12-29T17:11:03.095-03:00  WARN 51220 --- [new_era] [           main] org.hibernate.orm.deprecation            : HHH90000025: MySQLDialect does not need to be specified explicitly using 'hibernate.dialect' (remove the property setting and it will be selected by default)
2024-12-29T17:11:03.102-03:00  INFO 51220 --- [new_era] [           main] org.hibernate.orm.connections.pooling    : HHH10001005: Database info:
	Database JDBC URL [Connecting through datasource 'HikariDataSource (HikariPool-1)']
	Database driver: undefined/unknown
	Database version: 8.0
	Autocommit mode: undefined/unknown
	Isolation level: undefined/unknown
	Minimum pool size: undefined/unknown
	Maximum pool size: undefined/unknown
2024-12-29T17:11:03.773-03:00  INFO 51220 --- [new_era] [           main] o.h.e.t.j.p.i.JtaPlatformInitiator       : HHH000489: No JTA platform available (set 'hibernate.transaction.jta.platform' to enable JTA platform integration)
2024-12-29T17:11:04.073-03:00  INFO 51220 --- [new_era] [           main] j.LocalContainerEntityManagerFactoryBean : Initialized JPA EntityManagerFactory for persistence unit 'default'
2024-12-29T17:11:04.226-03:00  INFO 51220 --- [new_era] [           main] o.s.d.j.r.query.QueryEnhancerFactory     : Hibernate is in classpath; If applicable, HQL parser will be used.
2024-12-29T17:11:04.550-03:00  WARN 51220 --- [new_era] [           main] JpaBaseConfiguration$JpaWebConfiguration : spring.jpa.open-in-view is enabled by default. Therefore, database queries may be performed during view rendering. Explicitly configure spring.jpa.open-in-view to disable this warning
2024-12-29T17:11:04.563-03:00  WARN 51220 --- [new_era] [           main] .s.s.UserDetailsServiceAutoConfiguration : 

Using generated security password: 5cc35f0f-810c-4cd3-be34-3882c0ac9c90

This generated password is for development use only. Your security configuration must be updated before running your application in production.

2024-12-29T17:11:04.570-03:00  INFO 51220 --- [new_era] [           main] r$InitializeUserDetailsManagerConfigurer : Global AuthenticationManager configured with UserDetailsService bean with name inMemoryUserDetailsManager
2024-12-29T17:11:04.911-03:00  INFO 51220 --- [new_era] [           main] com.new_era.alpha.TestClanFiliation      : Started TestClanFiliation in 3.001 seconds (process running for 3.587)
[INFO] Tests run: 68, Failures: 0, Errors: 0, Skipped: 0, Time elapsed: 4.577 s - in com.new_era.alpha.TestClanFiliation
[INFO] 
[INFO] Results:
[INFO] 
[INFO] Tests run: 68, Failures: 0, Errors: 0, Skipped: 0
[INFO] 
[INFO] 
[INFO] --- jar:3.4.2:jar (default-jar) @ alpha ---
[INFO] Building jar: /home/0x6a70/new_era/backend/alpha/target/alpha-0.0.1-SNAPSHOT.jar
[INFO] 
[INFO] --- spring-boot:3.4.0:repackage (repackage) @ alpha ---
[INFO] Replacing main artifact /home/0x6a70/new_era/backend/alpha/target/alpha-0.0.1-SNAPSHOT.jar with repackaged archive, adding nested dependencies in BOOT-INF/.
[INFO] The original artifact has been renamed to /home/0x6a70/new_era/backend/alpha/target/alpha-0.0.1-SNAPSHOT.jar.original
[INFO] ------------------------------------------------------------------------
[INFO] BUILD SUCCESS
[INFO] ------------------------------------------------------------------------
[INFO] Total time:  7.628 s
[INFO] Finished at: 2024-12-29T17:11:06-03:00
[INFO] ------------------------------------------------------------------------
